<?xml version="1.0" encoding="UTF-8"?>
<!-- Generated by org.testng.reporters.JUnitXMLReporter -->
<testsuite ignored="1" hostname="DESKTOP-IOI875F" failures="0" tests="6" name="Car Loan" time="0.106" errors="0" timestamp="2025-03-18T22:39:19 IST">
  <testcase classname="Test.day3" name="MobileLogincarLoan" time="0.005"/>
  <testcase classname="Test.day3" name="MobilesignincarLoan" time="0.001"/>
  <testcase classname="Test.day3" name="MobilesignoutcarLoan" time="0.002"/>
  <testcase classname="Test.day3" name="MobilesignoutcarLoan" time="0.005"/>
  <testcase classname="Test.day3" name="MobilesignoutcarLoan" time="0.002"/>
  <testcase classname="Test.day3" name="WebloginCarLoan" time="0.001"/>
  <testcase classname="Test.day3" name="APIcarLoan" time="0.0">
    <ignored/>
  </testcase> <!-- APIcarLoan -->
</testsuite> <!-- Car Loan -->
