<?xml version="1.0" encoding="UTF-8"?>
<!-- Generated by org.testng.reporters.JUnitXMLReporter -->
<testsuite ignored="3" hostname="DESKTOP-IOI875F" failures="0" tests="8" name="Regression" time="0.087" errors="0" timestamp="2025-03-16T22:15:37 IST">
  <testcase classname="Test.day1" name="Demo" time="0.005"/>
  <testcase classname="Test.day1" name="SecondTest" time="0.001"/>
  <testcase classname="Test.day4" name="LoginAPIHomeLoan" time="0.001"/>
  <testcase classname="Test.day4" name="WebloginHomeLoan" time="0.002"/>
  <testcase classname="Test.day3" name="MobilesignoutcarLoan" time="0.006"/>
  <testcase classname="Test.day3" name="WebloginCarLoan" time="0.002"/>
  <testcase classname="Test.day3" name="MobilesignincarLoan" time="0.002"/>
  <testcase classname="Test.day3" name="APIcarLoan" time="0.002"/>
  <testcase classname="Test.day4" name="MobileLoginHomeLoan" time="0.0">
    <ignored/>
  </testcase> <!-- MobileLoginHomeLoan -->
  <testcase classname="Test.day3" name="MobileLogincarLoan" time="0.0">
    <ignored/>
  </testcase> <!-- MobileLogincarLoan -->
  <testcase classname="Test.day2" name="ploan" time="0.0">
    <ignored/>
  </testcase> <!-- ploan -->
</testsuite> <!-- Regression -->
