<?xml version="1.0" encoding="UTF-8"?>
<testng-results ignored="2" total="13" passed="10" failed="1" skipped="0">
  <reporter-output>
  </reporter-output>
  <suite started-at="2025-03-18T22:39:19 IST" name="Loan Department" finished-at="2025-03-18T22:39:19 IST" duration-ms="106">
    <groups>
      <group name="Smoke">
        <method signature="day2.ploan()[pri:0, instance:Test.day2@1e6a3214]" name="ploan" class="Test.day2"/>
        <method signature="day4.MobileLoginHomeLoan()[pri:0, instance:Test.day4@368247b9]" name="MobileLoginHomeLoan" class="Test.day4"/>
        <method signature="day3.MobileLogincarLoan()[pri:0, instance:Test.day3@7ce026d3]" name="MobileLogincarLoan" class="Test.day3"/>
      </group> <!-- Smoke -->
    </groups>
    <test started-at="2025-03-18T22:39:19 IST" name="Car Loan" finished-at="2025-03-18T22:39:19 IST" duration-ms="106">
      <class name="Test.day1">
        <test-method is-config="true" signature="afSyite()[pri:0, instance:Test.day1@1ffaf86]" started-at="2025-03-18T22:39:19 IST" name="afSyite" finished-at="2025-03-18T22:39:19 IST" duration-ms="2" status="PASS">
          <reporter-output>
          </reporter-output>
        </test-method> <!-- afSyite -->
      </class> <!-- Test.day1 -->
      <class name="Test.day3">
        <test-method is-config="true" signature="Bfsuite()[pri:0, instance:Test.day3@7ce026d3]" started-at="2025-03-18T22:39:19 IST" name="Bfsuite" finished-at="2025-03-18T22:39:19 IST" duration-ms="12" status="PASS">
          <reporter-output>
          </reporter-output>
        </test-method> <!-- Bfsuite -->
        <test-method is-config="true" signature="beforeclass()[pri:0, instance:Test.day3@7ce026d3]" started-at="2025-03-18T22:39:19 IST" name="beforeclass" finished-at="2025-03-18T22:39:19 IST" duration-ms="0" status="PASS">
          <reporter-output>
          </reporter-output>
        </test-method> <!-- beforeclass -->
        <test-method is-config="true" signature="beforeevery()[pri:0, instance:Test.day3@7ce026d3]" started-at="2025-03-18T22:39:19 IST" name="beforeevery" finished-at="2025-03-18T22:39:19 IST" duration-ms="1" status="PASS">
          <reporter-output>
          </reporter-output>
        </test-method> <!-- beforeevery -->
        <test-method signature="MobileLogincarLoan()[pri:0, instance:Test.day3@7ce026d3]" started-at="2025-03-18T22:39:19 IST" name="MobileLogincarLoan" finished-at="2025-03-18T22:39:19 IST" duration-ms="5" status="PASS">
          <reporter-output>
          </reporter-output>
        </test-method> <!-- MobileLogincarLoan -->
        <test-method is-config="true" signature="afterevery()[pri:0, instance:Test.day3@7ce026d3]" started-at="2025-03-18T22:39:19 IST" name="afterevery" finished-at="2025-03-18T22:39:19 IST" duration-ms="0" status="PASS">
          <reporter-output>
          </reporter-output>
        </test-method> <!-- afterevery -->
        <test-method is-config="true" signature="beforeevery()[pri:0, instance:Test.day3@7ce026d3]" started-at="2025-03-18T22:39:19 IST" name="beforeevery" finished-at="2025-03-18T22:39:19 IST" duration-ms="0" status="PASS">
          <reporter-output>
          </reporter-output>
        </test-method> <!-- beforeevery -->
        <test-method signature="MobilesignincarLoan()[pri:0, instance:Test.day3@7ce026d3]" started-at="2025-03-18T22:39:19 IST" name="MobilesignincarLoan" finished-at="2025-03-18T22:39:19 IST" duration-ms="1" status="PASS">
          <reporter-output>
          </reporter-output>
        </test-method> <!-- MobilesignincarLoan -->
        <test-method is-config="true" signature="afterevery()[pri:0, instance:Test.day3@7ce026d3]" started-at="2025-03-18T22:39:19 IST" name="afterevery" finished-at="2025-03-18T22:39:19 IST" duration-ms="2" status="PASS">
          <reporter-output>
          </reporter-output>
        </test-method> <!-- afterevery -->
        <test-method signature="MobilesignoutcarLoan(java.lang.String,java.lang.String)[pri:0, instance:Test.day3@7ce026d3]" started-at="2025-03-18T22:39:19 IST" name="MobilesignoutcarLoan" data-provider="getData" finished-at="2025-03-18T22:39:19 IST" duration-ms="2" status="PASS">
          <params>
            <param index="0">
              <value>
                <![CDATA[firstsetusername]]>
              </value>
            </param>
            <param index="1">
              <value>
                <![CDATA[firstpassword]]>
              </value>
            </param>
          </params>
          <reporter-output>
          </reporter-output>
        </test-method> <!-- MobilesignoutcarLoan -->
        <test-method is-config="true" signature="beforeevery()[pri:0, instance:Test.day3@7ce026d3]" started-at="2025-03-18T22:39:19 IST" name="beforeevery" finished-at="2025-03-18T22:39:19 IST" duration-ms="0" status="PASS">
          <reporter-output>
          </reporter-output>
        </test-method> <!-- beforeevery -->
        <test-method is-config="true" signature="afterevery()[pri:0, instance:Test.day3@7ce026d3]" started-at="2025-03-18T22:39:19 IST" name="afterevery" finished-at="2025-03-18T22:39:19 IST" duration-ms="0" status="PASS">
          <reporter-output>
          </reporter-output>
        </test-method> <!-- afterevery -->
        <test-method signature="MobilesignoutcarLoan(java.lang.String,java.lang.String)[pri:0, instance:Test.day3@7ce026d3]" started-at="2025-03-18T22:39:19 IST" name="MobilesignoutcarLoan" data-provider="getData" finished-at="2025-03-18T22:39:19 IST" duration-ms="5" status="PASS">
          <params>
            <param index="0">
              <value>
                <![CDATA[secondsetusername]]>
              </value>
            </param>
            <param index="1">
              <value>
                <![CDATA[secondpassword]]>
              </value>
            </param>
          </params>
          <reporter-output>
          </reporter-output>
        </test-method> <!-- MobilesignoutcarLoan -->
        <test-method is-config="true" signature="beforeevery()[pri:0, instance:Test.day3@7ce026d3]" started-at="2025-03-18T22:39:19 IST" name="beforeevery" finished-at="2025-03-18T22:39:19 IST" duration-ms="0" status="PASS">
          <reporter-output>
          </reporter-output>
        </test-method> <!-- beforeevery -->
        <test-method is-config="true" signature="afterevery()[pri:0, instance:Test.day3@7ce026d3]" started-at="2025-03-18T22:39:19 IST" name="afterevery" finished-at="2025-03-18T22:39:19 IST" duration-ms="2" status="PASS">
          <reporter-output>
          </reporter-output>
        </test-method> <!-- afterevery -->
        <test-method signature="MobilesignoutcarLoan(java.lang.String,java.lang.String)[pri:0, instance:Test.day3@7ce026d3]" started-at="2025-03-18T22:39:19 IST" name="MobilesignoutcarLoan" data-provider="getData" finished-at="2025-03-18T22:39:19 IST" duration-ms="2" status="PASS">
          <params>
            <param index="0">
              <value>
                <![CDATA[thirdsetusername]]>
              </value>
            </param>
            <param index="1">
              <value>
                <![CDATA[thirdpassword]]>
              </value>
            </param>
          </params>
          <reporter-output>
          </reporter-output>
        </test-method> <!-- MobilesignoutcarLoan -->
        <test-method is-config="true" signature="beforeevery()[pri:0, instance:Test.day3@7ce026d3]" started-at="2025-03-18T22:39:19 IST" name="beforeevery" finished-at="2025-03-18T22:39:19 IST" duration-ms="0" status="PASS">
          <reporter-output>
          </reporter-output>
        </test-method> <!-- beforeevery -->
        <test-method is-config="true" signature="afterevery()[pri:0, instance:Test.day3@7ce026d3]" started-at="2025-03-18T22:39:19 IST" name="afterevery" finished-at="2025-03-18T22:39:19 IST" duration-ms="1" status="PASS">
          <reporter-output>
          </reporter-output>
        </test-method> <!-- afterevery -->
        <test-method signature="WebloginCarLoan(java.lang.String,java.lang.String)[pri:0, instance:Test.day3@7ce026d3]" started-at="2025-03-18T22:39:19 IST" name="WebloginCarLoan" finished-at="2025-03-18T22:39:19 IST" duration-ms="1" status="PASS">
          <params>
            <param index="0">
              <value>
                <![CDATA[carloan.com]]>
              </value>
            </param>
            <param index="1">
              <value>
                <![CDATA[123456]]>
              </value>
            </param>
          </params>
          <reporter-output>
          </reporter-output>
        </test-method> <!-- WebloginCarLoan -->
        <test-method is-config="true" signature="beforeevery()[pri:0, instance:Test.day3@7ce026d3]" started-at="2025-03-18T22:39:19 IST" name="beforeevery" finished-at="2025-03-18T22:39:19 IST" duration-ms="0" status="PASS">
          <reporter-output>
          </reporter-output>
        </test-method> <!-- beforeevery -->
        <test-method is-config="true" signature="afterevery()[pri:0, instance:Test.day3@7ce026d3]" started-at="2025-03-18T22:39:19 IST" name="afterevery" finished-at="2025-03-18T22:39:19 IST" duration-ms="1" status="PASS">
          <reporter-output>
          </reporter-output>
        </test-method> <!-- afterevery -->
        <test-method is-config="true" signature="afterclass()[pri:0, instance:Test.day3@7ce026d3]" started-at="2025-03-18T22:39:19 IST" name="afterclass" finished-at="2025-03-18T22:39:19 IST" duration-ms="1" status="PASS">
          <reporter-output>
          </reporter-output>
        </test-method> <!-- afterclass -->
      </class> <!-- Test.day3 -->
    </test> <!-- Car Loan -->
    <test started-at="2025-03-18T22:39:19 IST" name="Personal Loan" finished-at="2025-03-18T22:39:19 IST" duration-ms="106">
      <class name="Test.day1">
        <test-method signature="Demo()[pri:0, instance:Test.day1@1ffaf86]" started-at="2025-03-18T22:39:19 IST" name="Demo" finished-at="2025-03-18T22:39:19 IST" duration-ms="31" status="FAIL">
          <exception class="java.lang.AssertionError">
            <message>
              <![CDATA[expected [true] but found [false]]]>
            </message>
            <full-stacktrace>
              <![CDATA[java.lang.AssertionError: expected [true] but found [false]
at org.testng.Assert.fail(Assert.java:111)
at org.testng.Assert.failNotEquals(Assert.java:1590)
at org.testng.Assert.assertTrue(Assert.java:57)
at org.testng.Assert.assertTrue(Assert.java:67)
at Test.day1.Demo(day1.java:21)
at java.base/jdk.internal.reflect.NativeMethodAccessorImpl.invoke0(Native Method)
at java.base/jdk.internal.reflect.NativeMethodAccessorImpl.invoke(NativeMethodAccessorImpl.java:77)
at java.base/jdk.internal.reflect.DelegatingMethodAccessorImpl.invoke(DelegatingMethodAccessorImpl.java:43)
at java.base/java.lang.reflect.Method.invoke(Method.java:568)
at org.testng.internal.invokers.MethodInvocationHelper.invokeMethod(MethodInvocationHelper.java:141)
at org.testng.internal.invokers.TestInvoker.invokeMethod(TestInvoker.java:687)
at org.testng.internal.invokers.TestInvoker.invokeTestMethod(TestInvoker.java:230)
at org.testng.internal.invokers.MethodRunner.runInSequence(MethodRunner.java:63)
at org.testng.internal.invokers.TestInvoker$MethodInvocationAgent.invoke(TestInvoker.java:995)
at org.testng.internal.invokers.TestInvoker.invokeTestMethods(TestInvoker.java:203)
at org.testng.internal.invokers.TestMethodWorker.invokeTestMethods(TestMethodWorker.java:154)
at org.testng.internal.invokers.TestMethodWorker.run(TestMethodWorker.java:134)
at java.base/java.util.ArrayList.forEach(ArrayList.java:1511)
at org.testng.TestRunner.privateRun(TestRunner.java:741)
at org.testng.TestRunner.run(TestRunner.java:616)
at org.testng.SuiteRunner.runTest(SuiteRunner.java:421)
at org.testng.SuiteRunner$SuiteWorker.run(SuiteRunner.java:463)
at org.testng.internal.thread.ThreadUtil.lambda$execute$0(ThreadUtil.java:64)
at java.base/java.util.concurrent.FutureTask.run(FutureTask.java:264)
at java.base/java.util.concurrent.ThreadPoolExecutor.runWorker(ThreadPoolExecutor.java:1136)
at java.base/java.util.concurrent.ThreadPoolExecutor$Worker.run(ThreadPoolExecutor.java:635)
at java.base/java.lang.Thread.run(Thread.java:833)
]]>
            </full-stacktrace>
          </exception> <!-- java.lang.AssertionError -->
          <reporter-output>
          </reporter-output>
        </test-method> <!-- Demo -->
        <test-method is-config="true" signature="lastexecution()[pri:0, instance:Test.day1@1ffaf86]" started-at="2025-03-18T22:39:19 IST" name="lastexecution" finished-at="2025-03-18T22:39:19 IST" duration-ms="0" status="PASS">
          <reporter-output>
          </reporter-output>
        </test-method> <!-- lastexecution -->
      </class> <!-- Test.day1 -->
      <class name="Test.day2">
        <test-method is-config="true" signature="prerequiste()[pri:0, instance:Test.day2@1e6a3214]" started-at="2025-03-18T22:39:19 IST" name="prerequiste" finished-at="2025-03-18T22:39:19 IST" duration-ms="0" status="PASS">
          <reporter-output>
          </reporter-output>
        </test-method> <!-- prerequiste -->
        <test-method signature="ploan()[pri:0, instance:Test.day2@1e6a3214]" started-at="2025-03-18T22:39:19 IST" name="ploan" finished-at="2025-03-18T22:39:19 IST" duration-ms="1" status="PASS">
          <reporter-output>
          </reporter-output>
        </test-method> <!-- ploan -->
      </class> <!-- Test.day2 -->
      <class name="Test.day4">
        <test-method signature="LoginAPIHomeLoan()[pri:0, instance:Test.day4@368247b9]" started-at="2025-03-18T22:39:19 IST" name="LoginAPIHomeLoan" finished-at="2025-03-18T22:39:19 IST" duration-ms="2" status="PASS">
          <reporter-output>
          </reporter-output>
        </test-method> <!-- LoginAPIHomeLoan -->
        <test-method signature="MobileLoginHomeLoan()[pri:0, instance:Test.day4@368247b9]" started-at="2025-03-18T22:39:19 IST" name="MobileLoginHomeLoan" finished-at="2025-03-18T22:39:19 IST" duration-ms="1" status="PASS">
          <reporter-output>
          </reporter-output>
        </test-method> <!-- MobileLoginHomeLoan -->
        <test-method signature="WebloginHomeLoan(java.lang.String)[pri:0, instance:Test.day4@368247b9]" started-at="2025-03-18T22:39:19 IST" name="WebloginHomeLoan" finished-at="2025-03-18T22:39:19 IST" duration-ms="1" status="PASS">
          <params>
            <param index="0">
              <value>
                <![CDATA[PersonalLoan.com]]>
              </value>
            </param>
          </params>
          <reporter-output>
          </reporter-output>
        </test-method> <!-- WebloginHomeLoan -->
      </class> <!-- Test.day4 -->
    </test> <!-- Personal Loan -->
  </suite> <!-- Loan Department -->
</testng-results>
